<?xml version="1.0" ?>
<coverage version="7.13.5" timestamp="1776630600171" lines-valid="1573" lines-covered="628" line-rate="0.3992" branches-covered="0" branches-valid="0" branch-rate="0" complexity="0">
	<!-- Generated by coverage.py: https://coverage.readthedocs.io/en/7.13.5 -->
	<!-- Based on https://raw.githubusercontent.com/cobertura/web/master/htdocs/xml/coverage-04.dtd -->
	<sources>
		<source>/workspace/backend</source>
	</sources>
	<packages>
		<package name="." line-rate="0.3992" branch-rate="0" complexity="0">
			<classes>
				<class name="main.py" filename="main.py" complexity="0" line-rate="0.3992" branch-rate="0">
					<methods/>
					<lines>
						<line number="1" hits="1"/>
						<line number="2" hits="1"/>
						<line number="3" hits="1"/>
						<line number="4" hits="1"/>
						<line number="5" hits="1"/>
						<line number="6" hits="1"/>
						<line number="7" hits="1"/>
						<line number="8" hits="1"/>
						<line number="9" hits="1"/>
						<line number="10" hits="1"/>
						<line number="11" hits="1"/>
						<line number="12" hits="1"/>
						<line number="13" hits="1"/>
						<line number="14" hits="1"/>
						<line number="15" hits="1"/>
						<line number="16" hits="1"/>
						<line number="17" hits="1"/>
						<line number="18" hits="1"/>
						<line number="19" hits="1"/>
						<line number="20" hits="1"/>
						<line number="21" hits="1"/>
						<line number="22" hits="1"/>
						<line number="23" hits="1"/>
						<line number="25" hits="1"/>
						<line number="28" hits="1"/>
						<line number="29" hits="1"/>
						<line number="30" hits="1"/>
						<line number="31" hits="1"/>
						<line number="32" hits="1"/>
						<line number="34" hits="1"/>
						<line number="43" hits="1"/>
						<line number="44" hits="1"/>
						<line number="45" hits="1"/>
						<line number="46" hits="1"/>
						<line number="47" hits="1"/>
						<line number="48" hits="1"/>
						<line number="49" hits="1"/>
						<line number="52" hits="1"/>
						<line number="55" hits="1"/>
						<line number="57" hits="1"/>
						<line number="64" hits="1"/>
						<line number="66" hits="1"/>
						<line number="68" hits="1"/>
						<line number="69" hits="1"/>
						<line number="70" hits="1"/>
						<line number="71" hits="1"/>
						<line number="72" hits="0"/>
						<line number="76" hits="1"/>
						<line number="77" hits="1"/>
						<line number="82" hits="1"/>
						<line number="85" hits="1"/>
						<line number="88" hits="1"/>
						<line number="91" hits="1"/>
						<line number="92" hits="1"/>
						<line number="93" hits="0"/>
						<line number="94" hits="1"/>
						<line number="95" hits="1"/>
						<line number="98" hits="1"/>
						<line number="99" hits="0"/>
						<line number="100" hits="0"/>
						<line number="101" hits="0"/>
						<line number="104" hits="1"/>
						<line number="105" hits="0"/>
						<line number="107" hits="1"/>
						<line number="109" hits="1"/>
						<line number="111" hits="0"/>
						<line number="113" hits="1"/>
						<line number="115" hits="1"/>
						<line number="119" hits="1"/>
						<line number="120" hits="1"/>
						<line number="121" hits="1"/>
						<line number="122" hits="1"/>
						<line number="123" hits="1"/>
						<line number="124" hits="1"/>
						<line number="126" hits="1"/>
						<line number="127" hits="1"/>
						<line number="128" hits="1"/>
						<line number="130" hits="1"/>
						<line number="131" hits="1"/>
						<line number="132" hits="1"/>
						<line number="133" hits="1"/>
						<line number="134" hits="1"/>
						<line number="135" hits="1"/>
						<line number="136" hits="1"/>
						<line number="137" hits="1"/>
						<line number="138" hits="1"/>
						<line number="140" hits="1"/>
						<line number="141" hits="1"/>
						<line number="142" hits="1"/>
						<line number="144" hits="1"/>
						<line number="145" hits="1"/>
						<line number="146" hits="1"/>
						<line number="147" hits="1"/>
						<line number="148" hits="1"/>
						<line number="149" hits="1"/>
						<line number="150" hits="1"/>
						<line number="151" hits="1"/>
						<line number="152" hits="1"/>
						<line number="154" hits="1"/>
						<line number="155" hits="1"/>
						<line number="156" hits="1"/>
						<line number="158" hits="0"/>
						<line number="159" hits="0"/>
						<line number="160" hits="0"/>
						<line number="162" hits="1"/>
						<line number="163" hits="1"/>
						<line number="164" hits="1"/>
						<line number="165" hits="1"/>
						<line number="166" hits="1"/>
						<line number="167" hits="1"/>
						<line number="168" hits="1"/>
						<line number="169" hits="1"/>
						<line number="170" hits="1"/>
						<line number="171" hits="1"/>
						<line number="172" hits="1"/>
						<line number="173" hits="1"/>
						<line number="174" hits="1"/>
						<line number="175" hits="1"/>
						<line number="176" hits="1"/>
						<line number="177" hits="1"/>
						<line number="178" hits="1"/>
						<line number="179" hits="1"/>
						<line number="180" hits="1"/>
						<line number="182" hits="1"/>
						<line number="183" hits="1"/>
						<line number="184" hits="1"/>
						<line number="185" hits="1"/>
						<line number="186" hits="1"/>
						<line number="187" hits="1"/>
						<line number="188" hits="1"/>
						<line number="190" hits="1"/>
						<line number="191" hits="1"/>
						<line number="192" hits="1"/>
						<line number="194" hits="1"/>
						<line number="195" hits="1"/>
						<line number="196" hits="0"/>
						<line number="199" hits="1"/>
						<line number="202" hits="1"/>
						<line number="204" hits="1"/>
						<line number="205" hits="1"/>
						<line number="206" hits="1"/>
						<line number="207" hits="1"/>
						<line number="208" hits="1"/>
						<line number="209" hits="1"/>
						<line number="210" hits="1"/>
						<line number="211" hits="1"/>
						<line number="212" hits="1"/>
						<line number="213" hits="1"/>
						<line number="216" hits="1"/>
						<line number="218" hits="1"/>
						<line number="219" hits="1"/>
						<line number="220" hits="1"/>
						<line number="221" hits="1"/>
						<line number="224" hits="1"/>
						<line number="226" hits="1"/>
						<line number="227" hits="1"/>
						<line number="228" hits="1"/>
						<line number="231" hits="1"/>
						<line number="233" hits="1"/>
						<line number="236" hits="1"/>
						<line number="238" hits="1"/>
						<line number="239" hits="1"/>
						<line number="240" hits="1"/>
						<line number="241" hits="1"/>
						<line number="244" hits="1"/>
						<line number="246" hits="1"/>
						<line number="249" hits="1"/>
						<line number="251" hits="1"/>
						<line number="254" hits="1"/>
						<line number="256" hits="1"/>
						<line number="257" hits="1"/>
						<line number="258" hits="1"/>
						<line number="259" hits="1"/>
						<line number="262" hits="1"/>
						<line number="264" hits="1"/>
						<line number="267" hits="1"/>
						<line number="269" hits="1"/>
						<line number="272" hits="1"/>
						<line number="274" hits="1"/>
						<line number="275" hits="1"/>
						<line number="279" hits="1"/>
						<line number="282" hits="1"/>
						<line number="283" hits="1"/>
						<line number="285" hits="0"/>
						<line number="286" hits="0"/>
						<line number="287" hits="0"/>
						<line number="288" hits="0"/>
						<line number="289" hits="0"/>
						<line number="290" hits="0"/>
						<line number="293" hits="0"/>
						<line number="294" hits="0"/>
						<line number="295" hits="0"/>
						<line number="296" hits="0"/>
						<line number="297" hits="0"/>
						<line number="299" hits="1"/>
						<line number="300" hits="1"/>
						<line number="301" hits="1"/>
						<line number="303" hits="1"/>
						<line number="304" hits="1"/>
						<line number="305" hits="1"/>
						<line number="306" hits="1"/>
						<line number="307" hits="1"/>
						<line number="309" hits="1"/>
						<line number="310" hits="1"/>
						<line number="311" hits="1"/>
						<line number="313" hits="0"/>
						<line number="314" hits="0"/>
						<line number="316" hits="1"/>
						<line number="317" hits="1"/>
						<line number="318" hits="1"/>
						<line number="319" hits="1"/>
						<line number="320" hits="1"/>
						<line number="321" hits="1"/>
						<line number="322" hits="1"/>
						<line number="323" hits="1"/>
						<line number="326" hits="1"/>
						<line number="327" hits="1"/>
						<line number="329" hits="1"/>
						<line number="331" hits="1"/>
						<line number="336" hits="1"/>
						<line number="337" hits="1"/>
						<line number="344" hits="1"/>
						<line number="346" hits="1"/>
						<line number="349" hits="1"/>
						<line number="352" hits="1"/>
						<line number="354" hits="1"/>
						<line number="362" hits="1"/>
						<line number="364" hits="0"/>
						<line number="365" hits="0"/>
						<line number="367" hits="0"/>
						<line number="374" hits="1"/>
						<line number="379" hits="1"/>
						<line number="381" hits="0"/>
						<line number="383" hits="0"/>
						<line number="384" hits="0"/>
						<line number="386" hits="0"/>
						<line number="393" hits="0"/>
						<line number="398" hits="1"/>
						<line number="400" hits="1"/>
						<line number="401" hits="1"/>
						<line number="402" hits="1"/>
						<line number="404" hits="1"/>
						<line number="406" hits="1"/>
						<line number="407" hits="1"/>
						<line number="408" hits="1"/>
						<line number="409" hits="1"/>
						<line number="411" hits="1"/>
						<line number="413" hits="1"/>
						<line number="414" hits="1"/>
						<line number="415" hits="0"/>
						<line number="419" hits="1"/>
						<line number="421" hits="1"/>
						<line number="422" hits="1"/>
						<line number="424" hits="0"/>
						<line number="427" hits="1"/>
						<line number="429" hits="0"/>
						<line number="430" hits="0"/>
						<line number="431" hits="0"/>
						<line number="432" hits="0"/>
						<line number="433" hits="0"/>
						<line number="435" hits="0"/>
						<line number="436" hits="0"/>
						<line number="437" hits="0"/>
						<line number="438" hits="0"/>
						<line number="441" hits="0"/>
						<line number="442" hits="0"/>
						<line number="443" hits="0"/>
						<line number="445" hits="1"/>
						<line number="447" hits="1"/>
						<line number="448" hits="1"/>
						<line number="449" hits="1"/>
						<line number="450" hits="1"/>
						<line number="451" hits="0"/>
						<line number="452" hits="0"/>
						<line number="453" hits="0"/>
						<line number="455" hits="0"/>
						<line number="458" hits="1"/>
						<line number="464" hits="1"/>
						<line number="465" hits="1"/>
						<line number="467" hits="0"/>
						<line number="469" hits="1"/>
						<line number="470" hits="1"/>
						<line number="476" hits="1"/>
						<line number="477" hits="1"/>
						<line number="478" hits="1"/>
						<line number="479" hits="1"/>
						<line number="480" hits="1"/>
						<line number="482" hits="1"/>
						<line number="485" hits="1"/>
						<line number="486" hits="1"/>
						<line number="489" hits="1"/>
						<line number="490" hits="1"/>
						<line number="491" hits="1"/>
						<line number="492" hits="1"/>
						<line number="493" hits="1"/>
						<line number="496" hits="1"/>
						<line number="497" hits="1"/>
						<line number="498" hits="1"/>
						<line number="501" hits="1"/>
						<line number="502" hits="1"/>
						<line number="505" hits="1"/>
						<line number="506" hits="0"/>
						<line number="507" hits="0"/>
						<line number="509" hits="0"/>
						<line number="510" hits="0"/>
						<line number="511" hits="0"/>
						<line number="513" hits="0"/>
						<line number="514" hits="0"/>
						<line number="515" hits="1"/>
						<line number="516" hits="0"/>
						<line number="517" hits="0"/>
						<line number="519" hits="0"/>
						<line number="520" hits="0"/>
						<line number="522" hits="0"/>
						<line number="524" hits="1"/>
						<line number="525" hits="1"/>
						<line number="527" hits="1"/>
						<line number="530" hits="1"/>
						<line number="532" hits="1"/>
						<line number="533" hits="1"/>
						<line number="535" hits="1"/>
						<line number="538" hits="1"/>
						<line number="539" hits="1"/>
						<line number="540" hits="1"/>
						<line number="542" hits="1"/>
						<line number="543" hits="1"/>
						<line number="546" hits="1"/>
						<line number="547" hits="1"/>
						<line number="549" hits="1"/>
						<line number="550" hits="1"/>
						<line number="553" hits="1"/>
						<line number="556" hits="1"/>
						<line number="557" hits="1"/>
						<line number="560" hits="1"/>
						<line number="562" hits="1"/>
						<line number="563" hits="1"/>
						<line number="564" hits="1"/>
						<line number="565" hits="1"/>
						<line number="568" hits="1"/>
						<line number="570" hits="1"/>
						<line number="572" hits="1"/>
						<line number="573" hits="1"/>
						<line number="574" hits="1"/>
						<line number="575" hits="1"/>
						<line number="576" hits="0"/>
						<line number="577" hits="0"/>
						<line number="578" hits="0"/>
						<line number="580" hits="0"/>
						<line number="583" hits="1"/>
						<line number="589" hits="1"/>
						<line number="590" hits="1"/>
						<line number="591" hits="1"/>
						<line number="592" hits="1"/>
						<line number="593" hits="1"/>
						<line number="595" hits="1"/>
						<line number="598" hits="1"/>
						<line number="599" hits="1"/>
						<line number="601" hits="1"/>
						<line number="603" hits="1"/>
						<line number="604" hits="1"/>
						<line number="606" hits="1"/>
						<line number="607" hits="1"/>
						<line number="608" hits="0"/>
						<line number="610" hits="1"/>
						<line number="613" hits="1"/>
						<line number="615" hits="1"/>
						<line number="617" hits="0"/>
						<line number="618" hits="0"/>
						<line number="619" hits="0"/>
						<line number="620" hits="0"/>
						<line number="622" hits="0"/>
						<line number="625" hits="1"/>
						<line number="626" hits="1"/>
						<line number="627" hits="1"/>
						<line number="628" hits="1"/>
						<line number="629" hits="0"/>
						<line number="630" hits="0"/>
						<line number="632" hits="1"/>
						<line number="633" hits="1"/>
						<line number="634" hits="1"/>
						<line number="635" hits="1"/>
						<line number="638" hits="1"/>
						<line number="639" hits="1"/>
						<line number="640" hits="0"/>
						<line number="643" hits="0"/>
						<line number="644" hits="0"/>
						<line number="645" hits="0"/>
						<line number="646" hits="0"/>
						<line number="647" hits="0"/>
						<line number="650" hits="0"/>
						<line number="651" hits="0"/>
						<line number="652" hits="0"/>
						<line number="653" hits="0"/>
						<line number="655" hits="0"/>
						<line number="658" hits="0"/>
						<line number="659" hits="0"/>
						<line number="660" hits="0"/>
						<line number="661" hits="0"/>
						<line number="662" hits="0"/>
						<line number="665" hits="0"/>
						<line number="666" hits="0"/>
						<line number="674" hits="1"/>
						<line number="676" hits="0"/>
						<line number="677" hits="0"/>
						<line number="679" hits="0"/>
						<line number="680" hits="0"/>
						<line number="681" hits="0"/>
						<line number="682" hits="0"/>
						<line number="683" hits="0"/>
						<line number="685" hits="0"/>
						<line number="686" hits="0"/>
						<line number="687" hits="0"/>
						<line number="688" hits="0"/>
						<line number="691" hits="0"/>
						<line number="692" hits="0"/>
						<line number="693" hits="0"/>
						<line number="694" hits="0"/>
						<line number="696" hits="1"/>
						<line number="698" hits="1"/>
						<line number="699" hits="1"/>
						<line number="700" hits="1"/>
						<line number="701" hits="0"/>
						<line number="702" hits="0"/>
						<line number="705" hits="1"/>
						<line number="706" hits="1"/>
						<line number="707" hits="1"/>
						<line number="709" hits="1"/>
						<line number="710" hits="1"/>
						<line number="715" hits="1"/>
						<line number="717" hits="1"/>
						<line number="718" hits="1"/>
						<line number="719" hits="1"/>
						<line number="720" hits="1"/>
						<line number="723" hits="0"/>
						<line number="724" hits="0"/>
						<line number="727" hits="0"/>
						<line number="728" hits="0"/>
						<line number="730" hits="0"/>
						<line number="732" hits="0"/>
						<line number="734" hits="0"/>
						<line number="736" hits="1"/>
						<line number="738" hits="0"/>
						<line number="739" hits="0"/>
						<line number="740" hits="0"/>
						<line number="741" hits="0"/>
						<line number="742" hits="0"/>
						<line number="745" hits="0"/>
						<line number="746" hits="0"/>
						<line number="747" hits="0"/>
						<line number="748" hits="0"/>
						<line number="751" hits="0"/>
						<line number="752" hits="0"/>
						<line number="753" hits="0"/>
						<line number="755" hits="0"/>
						<line number="757" hits="0"/>
						<line number="758" hits="0"/>
						<line number="761" hits="0"/>
						<line number="762" hits="0"/>
						<line number="763" hits="0"/>
						<line number="764" hits="0"/>
						<line number="766" hits="1"/>
						<line number="768" hits="0"/>
						<line number="769" hits="0"/>
						<line number="770" hits="0"/>
						<line number="771" hits="0"/>
						<line number="772" hits="0"/>
						<line number="775" hits="0"/>
						<line number="776" hits="0"/>
						<line number="777" hits="0"/>
						<line number="778" hits="0"/>
						<line number="781" hits="0"/>
						<line number="782" hits="0"/>
						<line number="783" hits="0"/>
						<line number="785" hits="0"/>
						<line number="788" hits="0"/>
						<line number="791" hits="0"/>
						<line number="792" hits="0"/>
						<line number="793" hits="0"/>
						<line number="794" hits="0"/>
						<line number="796" hits="1"/>
						<line number="798" hits="0"/>
						<line number="799" hits="0"/>
						<line number="800" hits="0"/>
						<line number="801" hits="0"/>
						<line number="802" hits="0"/>
						<line number="805" hits="0"/>
						<line number="807" hits="0"/>
						<line number="808" hits="0"/>
						<line number="809" hits="0"/>
						<line number="811" hits="0"/>
						<line number="813" hits="0"/>
						<line number="814" hits="0"/>
						<line number="815" hits="0"/>
						<line number="822" hits="0"/>
						<line number="823" hits="0"/>
						<line number="824" hits="0"/>
						<line number="825" hits="0"/>
						<line number="827" hits="0"/>
						<line number="829" hits="1"/>
						<line number="831" hits="0"/>
						<line number="832" hits="0"/>
						<line number="833" hits="0"/>
						<line number="834" hits="0"/>
						<line number="835" hits="0"/>
						<line number="838" hits="0"/>
						<line number="840" hits="0"/>
						<line number="841" hits="0"/>
						<line number="842" hits="0"/>
						<line number="844" hits="0"/>
						<line number="846" hits="0"/>
						<line number="847" hits="0"/>
						<line number="848" hits="0"/>
						<line number="856" hits="0"/>
						<line number="857" hits="0"/>
						<line number="858" hits="0"/>
						<line number="859" hits="0"/>
						<line number="861" hits="0"/>
						<line number="863" hits="1"/>
						<line number="865" hits="0"/>
						<line number="866" hits="0"/>
						<line number="867" hits="0"/>
						<line number="868" hits="0"/>
						<line number="869" hits="0"/>
						<line number="871" hits="0"/>
						<line number="873" hits="0"/>
						<line number="874" hits="0"/>
						<line number="875" hits="0"/>
						<line number="876" hits="0"/>
						<line number="877" hits="0"/>
						<line number="878" hits="0"/>
						<line number="879" hits="0"/>
						<line number="880" hits="0"/>
						<line number="881" hits="0"/>
						<line number="887" hits="0"/>
						<line number="890" hits="0"/>
						<line number="891" hits="0"/>
						<line number="892" hits="0"/>
						<line number="893" hits="0"/>
						<line number="894" hits="0"/>
						<line number="895" hits="0"/>
						<line number="896" hits="0"/>
						<line number="897" hits="0"/>
						<line number="903" hits="0"/>
						<line number="906" hits="0"/>
						<line number="907" hits="0"/>
						<line number="908" hits="0"/>
						<line number="909" hits="0"/>
						<line number="910" hits="0"/>
						<line number="911" hits="0"/>
						<line number="912" hits="0"/>
						<line number="913" hits="0"/>
						<line number="919" hits="0"/>
						<line number="922" hits="0"/>
						<line number="923" hits="0"/>
						<line number="924" hits="0"/>
						<line number="925" hits="0"/>
						<line number="926" hits="0"/>
						<line number="927" hits="0"/>
						<line number="928" hits="0"/>
						<line number="931" hits="0"/>
						<line number="934" hits="0"/>
						<line number="935" hits="0"/>
						<line number="941" hits="0"/>
						<line number="942" hits="0"/>
						<line number="943" hits="0"/>
						<line number="945" hits="0"/>
						<line number="948" hits="1"/>
						<line number="949" hits="1"/>
						<line number="950" hits="1"/>
						<line number="952" hits="1"/>
						<line number="953" hits="0"/>
						<line number="955" hits="1"/>
						<line number="956" hits="1"/>
						<line number="957" hits="1"/>
						<line number="959" hits="1"/>
						<line number="960" hits="1"/>
						<line number="961" hits="0"/>
						<line number="962" hits="0"/>
						<line number="964" hits="0"/>
						<line number="965" hits="0"/>
						<line number="967" hits="0"/>
						<line number="968" hits="0"/>
						<line number="969" hits="0"/>
						<line number="971" hits="1"/>
						<line number="972" hits="1"/>
						<line number="973" hits="1"/>
						<line number="974" hits="0"/>
						<line number="976" hits="0"/>
						<line number="977" hits="0"/>
						<line number="979" hits="0"/>
						<line number="980" hits="0"/>
						<line number="981" hits="0"/>
						<line number="983" hits="1"/>
						<line number="984" hits="1"/>
						<line number="986" hits="0"/>
						<line number="989" hits="0"/>
						<line number="992" hits="0"/>
						<line number="993" hits="0"/>
						<line number="995" hits="0"/>
						<line number="996" hits="0"/>
						<line number="998" hits="0"/>
						<line number="1001" hits="0"/>
						<line number="1003" hits="0"/>
						<line number="1004" hits="0"/>
						<line number="1007" hits="1"/>
						<line number="1009" hits="1"/>
						<line number="1010" hits="1"/>
						<line number="1012" hits="1"/>
						<line number="1014" hits="1"/>
						<line number="1015" hits="1"/>
						<line number="1016" hits="1"/>
						<line number="1018" hits="0"/>
						<line number="1019" hits="1"/>
						<line number="1020" hits="1"/>
						<line number="1023" hits="1"/>
						<line number="1025" hits="1"/>
						<line number="1026" hits="1"/>
						<line number="1027" hits="1"/>
						<line number="1028" hits="1"/>
						<line number="1029" hits="1"/>
						<line number="1030" hits="0"/>
						<line number="1031" hits="0"/>
						<line number="1035" hits="1"/>
						<line number="1036" hits="1"/>
						<line number="1037" hits="1"/>
						<line number="1039" hits="1"/>
						<line number="1048" hits="1"/>
						<line number="1050" hits="1"/>
						<line number="1052" hits="1"/>
						<line number="1053" hits="1"/>
						<line number="1062" hits="1"/>
						<line number="1063" hits="1"/>
						<line number="1066" hits="1"/>
						<line number="1072" hits="1"/>
						<line number="1073" hits="1"/>
						<line number="1076" hits="1"/>
						<line number="1078" hits="0"/>
						<line number="1079" hits="0"/>
						<line number="1080" hits="1"/>
						<line number="1082" hits="1"/>
						<line number="1083" hits="1"/>
						<line number="1085" hits="0"/>
						<line number="1086" hits="0"/>
						<line number="1088" hits="1"/>
						<line number="1090" hits="1"/>
						<line number="1091" hits="1"/>
						<line number="1094" hits="1"/>
						<line number="1095" hits="1"/>
						<line number="1096" hits="1"/>
						<line number="1097" hits="0"/>
						<line number="1098" hits="0"/>
						<line number="1101" hits="1"/>
						<line number="1107" hits="1"/>
						<line number="1108" hits="0"/>
						<line number="1109" hits="1"/>
						<line number="1110" hits="1"/>
						<line number="1112" hits="0"/>
						<line number="1114" hits="1"/>
						<line number="1115" hits="1"/>
						<line number="1117" hits="1"/>
						<line number="1118" hits="1"/>
						<line number="1119" hits="1"/>
						<line number="1122" hits="1"/>
						<line number="1123" hits="1"/>
						<line number="1124" hits="1"/>
						<line number="1127" hits="0"/>
						<line number="1128" hits="0"/>
						<line number="1129" hits="1"/>
						<line number="1131" hits="1"/>
						<line number="1141" hits="1"/>
						<line number="1142" hits="1"/>
						<line number="1148" hits="1"/>
						<line number="1150" hits="1"/>
						<line number="1151" hits="1"/>
						<line number="1152" hits="1"/>
						<line number="1153" hits="0"/>
						<line number="1154" hits="0"/>
						<line number="1157" hits="1"/>
						<line number="1162" hits="1"/>
						<line number="1163" hits="0"/>
						<line number="1165" hits="1"/>
						<line number="1167" hits="1"/>
						<line number="1168" hits="1"/>
						<line number="1169" hits="1"/>
						<line number="1172" hits="1"/>
						<line number="1173" hits="1"/>
						<line number="1174" hits="1"/>
						<line number="1177" hits="0"/>
						<line number="1178" hits="0"/>
						<line number="1180" hits="1"/>
						<line number="1181" hits="1"/>
						<line number="1183" hits="0"/>
						<line number="1185" hits="0"/>
						<line number="1186" hits="0"/>
						<line number="1187" hits="0"/>
						<line number="1188" hits="0"/>
						<line number="1189" hits="0"/>
						<line number="1192" hits="0"/>
						<line number="1197" hits="0"/>
						<line number="1198" hits="0"/>
						<line number="1199" hits="0"/>
						<line number="1200" hits="0"/>
						<line number="1202" hits="0"/>
						<line number="1205" hits="0"/>
						<line number="1206" hits="0"/>
						<line number="1209" hits="0"/>
						<line number="1214" hits="0"/>
						<line number="1215" hits="0"/>
						<line number="1216" hits="0"/>
						<line number="1217" hits="0"/>
						<line number="1218" hits="0"/>
						<line number="1219" hits="0"/>
						<line number="1221" hits="0"/>
						<line number="1223" hits="1"/>
						<line number="1224" hits="1"/>
						<line number="1226" hits="0"/>
						<line number="1227" hits="0"/>
						<line number="1228" hits="0"/>
						<line number="1229" hits="0"/>
						<line number="1230" hits="0"/>
						<line number="1231" hits="0"/>
						<line number="1233" hits="0"/>
						<line number="1239" hits="0"/>
						<line number="1240" hits="0"/>
						<line number="1241" hits="0"/>
						<line number="1242" hits="0"/>
						<line number="1244" hits="0"/>
						<line number="1246" hits="1"/>
						<line number="1247" hits="1"/>
						<line number="1249" hits="0"/>
						<line number="1250" hits="0"/>
						<line number="1251" hits="0"/>
						<line number="1252" hits="0"/>
						<line number="1253" hits="0"/>
						<line number="1254" hits="0"/>
						<line number="1256" hits="0"/>
						<line number="1262" hits="0"/>
						<line number="1263" hits="0"/>
						<line number="1264" hits="0"/>
						<line number="1265" hits="0"/>
						<line number="1267" hits="0"/>
						<line number="1269" hits="1"/>
						<line number="1270" hits="1"/>
						<line number="1272" hits="1"/>
						<line number="1273" hits="1"/>
						<line number="1274" hits="1"/>
						<line number="1275" hits="1"/>
						<line number="1276" hits="0"/>
						<line number="1277" hits="0"/>
						<line number="1279" hits="1"/>
						<line number="1284" hits="1"/>
						<line number="1285" hits="0"/>
						<line number="1286" hits="1"/>
						<line number="1287" hits="0"/>
						<line number="1289" hits="1"/>
						<line number="1291" hits="1"/>
						<line number="1292" hits="1"/>
						<line number="1298" hits="0"/>
						<line number="1299" hits="0"/>
						<line number="1301" hits="0"/>
						<line number="1302" hits="0"/>
						<line number="1304" hits="0"/>
						<line number="1305" hits="0"/>
						<line number="1307" hits="0"/>
						<line number="1308" hits="0"/>
						<line number="1309" hits="0"/>
						<line number="1310" hits="0"/>
						<line number="1311" hits="0"/>
						<line number="1313" hits="0"/>
						<line number="1315" hits="0"/>
						<line number="1316" hits="0"/>
						<line number="1317" hits="0"/>
						<line number="1319" hits="0"/>
						<line number="1325" hits="0"/>
						<line number="1326" hits="0"/>
						<line number="1327" hits="0"/>
						<line number="1329" hits="0"/>
						<line number="1330" hits="0"/>
						<line number="1333" hits="0"/>
						<line number="1336" hits="0"/>
						<line number="1343" hits="0"/>
						<line number="1344" hits="0"/>
						<line number="1345" hits="0"/>
						<line number="1346" hits="0"/>
						<line number="1348" hits="0"/>
						<line number="1350" hits="0"/>
						<line number="1351" hits="0"/>
						<line number="1352" hits="0"/>
						<line number="1354" hits="0"/>
						<line number="1361" hits="1"/>
						<line number="1362" hits="1"/>
						<line number="1365" hits="0"/>
						<line number="1366" hits="0"/>
						<line number="1367" hits="0"/>
						<line number="1369" hits="0"/>
						<line number="1372" hits="0"/>
						<line number="1373" hits="0"/>
						<line number="1375" hits="0"/>
						<line number="1376" hits="0"/>
						<line number="1379" hits="0"/>
						<line number="1382" hits="0"/>
						<line number="1383" hits="0"/>
						<line number="1384" hits="0"/>
						<line number="1385" hits="0"/>
						<line number="1386" hits="0"/>
						<line number="1387" hits="0"/>
						<line number="1388" hits="0"/>
						<line number="1390" hits="0"/>
						<line number="1395" hits="0"/>
						<line number="1397" hits="0"/>
						<line number="1400" hits="1"/>
						<line number="1401" hits="1"/>
						<line number="1403" hits="1"/>
						<line number="1404" hits="1"/>
						<line number="1405" hits="1"/>
						<line number="1406" hits="0"/>
						<line number="1407" hits="0"/>
						<line number="1408" hits="1"/>
						<line number="1410" hits="1"/>
						<line number="1413" hits="1"/>
						<line number="1415" hits="1"/>
						<line number="1416" hits="0"/>
						<line number="1420" hits="1"/>
						<line number="1421" hits="0"/>
						<line number="1425" hits="1"/>
						<line number="1426" hits="0"/>
						<line number="1431" hits="1"/>
						<line number="1432" hits="1"/>
						<line number="1433" hits="1"/>
						<line number="1436" hits="1"/>
						<line number="1437" hits="1"/>
						<line number="1440" hits="1"/>
						<line number="1441" hits="1"/>
						<line number="1442" hits="1"/>
						<line number="1443" hits="1"/>
						<line number="1446" hits="1"/>
						<line number="1448" hits="1"/>
						<line number="1449" hits="1"/>
						<line number="1450" hits="1"/>
						<line number="1451" hits="1"/>
						<line number="1452" hits="1"/>
						<line number="1454" hits="1"/>
						<line number="1460" hits="1"/>
						<line number="1463" hits="1"/>
						<line number="1465" hits="0"/>
						<line number="1466" hits="0"/>
						<line number="1467" hits="0"/>
						<line number="1468" hits="0"/>
						<line number="1469" hits="0"/>
						<line number="1472" hits="0"/>
						<line number="1473" hits="0"/>
						<line number="1474" hits="0"/>
						<line number="1475" hits="0"/>
						<line number="1476" hits="0"/>
						<line number="1477" hits="0"/>
						<line number="1478" hits="0"/>
						<line number="1479" hits="0"/>
						<line number="1480" hits="0"/>
						<line number="1481" hits="0"/>
						<line number="1482" hits="0"/>
						<line number="1483" hits="0"/>
						<line number="1484" hits="0"/>
						<line number="1485" hits="0"/>
						<line number="1486" hits="0"/>
						<line number="1487" hits="0"/>
						<line number="1490" hits="0"/>
						<line number="1493" hits="0"/>
						<line number="1494" hits="0"/>
						<line number="1495" hits="0"/>
						<line number="1496" hits="0"/>
						<line number="1497" hits="0"/>
						<line number="1498" hits="0"/>
						<line number="1499" hits="0"/>
						<line number="1500" hits="0"/>
						<line number="1501" hits="0"/>
						<line number="1504" hits="0"/>
						<line number="1505" hits="0"/>
						<line number="1506" hits="0"/>
						<line number="1507" hits="0"/>
						<line number="1510" hits="0"/>
						<line number="1518" hits="0"/>
						<line number="1519" hits="0"/>
						<line number="1520" hits="0"/>
						<line number="1521" hits="0"/>
						<line number="1522" hits="0"/>
						<line number="1523" hits="0"/>
						<line number="1524" hits="0"/>
						<line number="1525" hits="0"/>
						<line number="1526" hits="0"/>
						<line number="1528" hits="0"/>
						<line number="1530" hits="0"/>
						<line number="1537" hits="0"/>
						<line number="1538" hits="0"/>
						<line number="1541" hits="1"/>
						<line number="1542" hits="1"/>
						<line number="1544" hits="1"/>
						<line number="1545" hits="1"/>
						<line number="1546" hits="1"/>
						<line number="1549" hits="0"/>
						<line number="1550" hits="0"/>
						<line number="1552" hits="0"/>
						<line number="1553" hits="0"/>
						<line number="1554" hits="0"/>
						<line number="1555" hits="0"/>
						<line number="1556" hits="0"/>
						<line number="1557" hits="0"/>
						<line number="1559" hits="0"/>
						<line number="1560" hits="0"/>
						<line number="1561" hits="0"/>
						<line number="1562" hits="0"/>
						<line number="1563" hits="0"/>
						<line number="1565" hits="0"/>
						<line number="1566" hits="0"/>
						<line number="1567" hits="0"/>
						<line number="1573" hits="0"/>
						<line number="1574" hits="0"/>
						<line number="1575" hits="0"/>
						<line number="1576" hits="0"/>
						<line number="1577" hits="0"/>
						<line number="1581" hits="0"/>
						<line number="1582" hits="0"/>
						<line number="1586" hits="0"/>
						<line number="1587" hits="0"/>
						<line number="1589" hits="0"/>
						<line number="1590" hits="0"/>
						<line number="1591" hits="0"/>
						<line number="1593" hits="1"/>
						<line number="1594" hits="1"/>
						<line number="1596" hits="1"/>
						<line number="1597" hits="1"/>
						<line number="1598" hits="1"/>
						<line number="1599" hits="0"/>
						<line number="1600" hits="0"/>
						<line number="1601" hits="1"/>
						<line number="1608" hits="1"/>
						<line number="1609" hits="0"/>
						<line number="1610" hits="1"/>
						<line number="1611" hits="0"/>
						<line number="1613" hits="1"/>
						<line number="1615" hits="1"/>
						<line number="1616" hits="1"/>
						<line number="1618" hits="1"/>
						<line number="1619" hits="0"/>
						<line number="1622" hits="1"/>
						<line number="1623" hits="1"/>
						<line number="1625" hits="1"/>
						<line number="1627" hits="1"/>
						<line number="1628" hits="0"/>
						<line number="1630" hits="1"/>
						<line number="1632" hits="1"/>
						<line number="1633" hits="1"/>
						<line number="1634" hits="1"/>
						<line number="1635" hits="0"/>
						<line number="1636" hits="0"/>
						<line number="1638" hits="1"/>
						<line number="1639" hits="1"/>
						<line number="1645" hits="1"/>
						<line number="1646" hits="1"/>
						<line number="1648" hits="0"/>
						<line number="1651" hits="1"/>
						<line number="1652" hits="1"/>
						<line number="1654" hits="0"/>
						<line number="1656" hits="0"/>
						<line number="1657" hits="0"/>
						<line number="1659" hits="0"/>
						<line number="1662" hits="0"/>
						<line number="1664" hits="0"/>
						<line number="1665" hits="0"/>
						<line number="1666" hits="0"/>
						<line number="1667" hits="0"/>
						<line number="1668" hits="0"/>
						<line number="1670" hits="0"/>
						<line number="1671" hits="0"/>
						<line number="1672" hits="0"/>
						<line number="1673" hits="0"/>
						<line number="1676" hits="0"/>
						<line number="1677" hits="0"/>
						<line number="1678" hits="0"/>
						<line number="1680" hits="0"/>
						<line number="1683" hits="0"/>
						<line number="1684" hits="0"/>
						<line number="1687" hits="0"/>
						<line number="1688" hits="0"/>
						<line number="1689" hits="0"/>
						<line number="1691" hits="0"/>
						<line number="1693" hits="1"/>
						<line number="1694" hits="1"/>
						<line number="1695" hits="1"/>
						<line number="1698" hits="1"/>
						<line number="1701" hits="1"/>
						<line number="1702" hits="1"/>
						<line number="1705" hits="1"/>
						<line number="1706" hits="1"/>
						<line number="1710" hits="0"/>
						<line number="1711" hits="0"/>
						<line number="1712" hits="0"/>
						<line number="1714" hits="1"/>
						<line number="1717" hits="1"/>
						<line number="1718" hits="0"/>
						<line number="1719" hits="0"/>
						<line number="1722" hits="1"/>
						<line number="1725" hits="1"/>
						<line number="1726" hits="1"/>
						<line number="1729" hits="1"/>
						<line number="1730" hits="1"/>
						<line number="1731" hits="1"/>
						<line number="1734" hits="1"/>
						<line number="1735" hits="1"/>
						<line number="1736" hits="1"/>
						<line number="1737" hits="1"/>
						<line number="1738" hits="1"/>
						<line number="1739" hits="1"/>
						<line number="1742" hits="1"/>
						<line number="1743" hits="1"/>
						<line number="1744" hits="1"/>
						<line number="1746" hits="1"/>
						<line number="1747" hits="1"/>
						<line number="1754" hits="1"/>
						<line number="1756" hits="1"/>
						<line number="1757" hits="0"/>
						<line number="1759" hits="1"/>
						<line number="1761" hits="1"/>
						<line number="1764" hits="1"/>
						<line number="1778" hits="1"/>
						<line number="1779" hits="1"/>
						<line number="1780" hits="1"/>
						<line number="1782" hits="1"/>
						<line number="1785" hits="1"/>
						<line number="1786" hits="1"/>
						<line number="1787" hits="1"/>
						<line number="1789" hits="1"/>
						<line number="1794" hits="1"/>
						<line number="1796" hits="0"/>
						<line number="1799" hits="0"/>
						<line number="1804" hits="0"/>
						<line number="1805" hits="0"/>
						<line number="1806" hits="0"/>
						<line number="1807" hits="0"/>
						<line number="1808" hits="0"/>
						<line number="1809" hits="0"/>
						<line number="1810" hits="0"/>
						<line number="1812" hits="0"/>
						<line number="1813" hits="0"/>
						<line number="1815" hits="0"/>
						<line number="1816" hits="0"/>
						<line number="1819" hits="0"/>
						<line number="1820" hits="0"/>
						<line number="1826" hits="0"/>
						<line number="1829" hits="0"/>
						<line number="1830" hits="0"/>
						<line number="1836" hits="1"/>
						<line number="1837" hits="1"/>
						<line number="1838" hits="1"/>
						<line number="1840" hits="1"/>
						<line number="1841" hits="1"/>
						<line number="1842" hits="1"/>
						<line number="1843" hits="1"/>
						<line number="1844" hits="1"/>
						<line number="1845" hits="1"/>
						<line number="1847" hits="1"/>
						<line number="1848" hits="0"/>
						<line number="1850" hits="1"/>
						<line number="1851" hits="1"/>
						<line number="1852" hits="1"/>
						<line number="1853" hits="1"/>
						<line number="1854" hits="1"/>
						<line number="1855" hits="1"/>
						<line number="1856" hits="1"/>
						<line number="1857" hits="1"/>
						<line number="1858" hits="1"/>
						<line number="1860" hits="1"/>
						<line number="1861" hits="1"/>
						<line number="1862" hits="1"/>
						<line number="1863" hits="1"/>
						<line number="1864" hits="1"/>
						<line number="1865" hits="1"/>
						<line number="1867" hits="1"/>
						<line number="1870" hits="1"/>
						<line number="1871" hits="1"/>
						<line number="1872" hits="1"/>
						<line number="1873" hits="1"/>
						<line number="1874" hits="1"/>
						<line number="1876" hits="1"/>
						<line number="1877" hits="1"/>
						<line number="1879" hits="1"/>
						<line number="1880" hits="1"/>
						<line number="1882" hits="1"/>
						<line number="1883" hits="1"/>
						<line number="1885" hits="0"/>
						<line number="1886" hits="0"/>
						<line number="1889" hits="0"/>
						<line number="1890" hits="0"/>
						<line number="1892" hits="0"/>
						<line number="1894" hits="1"/>
						<line number="1895" hits="1"/>
						<line number="1897" hits="1"/>
						<line number="1904" hits="1"/>
						<line number="1905" hits="1"/>
						<line number="1907" hits="0"/>
						<line number="1909" hits="0"/>
						<line number="1910" hits="0"/>
						<line number="1916" hits="0"/>
						<line number="1917" hits="0"/>
						<line number="1923" hits="1"/>
						<line number="1924" hits="1"/>
						<line number="1925" hits="0"/>
						<line number="1926" hits="0"/>
						<line number="1927" hits="0"/>
						<line number="1929" hits="0"/>
						<line number="1930" hits="0"/>
						<line number="1931" hits="0"/>
						<line number="1935" hits="0"/>
						<line number="1936" hits="0"/>
						<line number="1937" hits="0"/>
						<line number="1938" hits="0"/>
						<line number="1939" hits="0"/>
						<line number="1940" hits="0"/>
						<line number="1945" hits="0"/>
						<line number="1954" hits="0"/>
						<line number="1955" hits="0"/>
						<line number="1957" hits="0"/>
						<line number="1958" hits="0"/>
						<line number="1960" hits="0"/>
						<line number="1961" hits="0"/>
						<line number="1962" hits="0"/>
						<line number="1963" hits="0"/>
						<line number="1964" hits="0"/>
						<line number="1966" hits="0"/>
						<line number="1975" hits="0"/>
						<line number="1976" hits="0"/>
						<line number="1977" hits="0"/>
						<line number="1980" hits="0"/>
						<line number="1981" hits="0"/>
						<line number="1982" hits="0"/>
						<line number="1983" hits="0"/>
						<line number="2000" hits="0"/>
						<line number="2002" hits="0"/>
						<line number="2003" hits="0"/>
						<line number="2004" hits="0"/>
						<line number="2005" hits="0"/>
						<line number="2009" hits="0"/>
						<line number="2010" hits="0"/>
						<line number="2012" hits="0"/>
						<line number="2014" hits="0"/>
						<line number="2016" hits="0"/>
						<line number="2021" hits="1"/>
						<line number="2022" hits="0"/>
						<line number="2023" hits="0"/>
						<line number="2024" hits="0"/>
						<line number="2026" hits="0"/>
						<line number="2027" hits="0"/>
						<line number="2028" hits="0"/>
						<line number="2030" hits="0"/>
						<line number="2031" hits="0"/>
						<line number="2032" hits="0"/>
						<line number="2033" hits="0"/>
						<line number="2035" hits="0"/>
						<line number="2036" hits="0"/>
						<line number="2038" hits="0"/>
						<line number="2039" hits="0"/>
						<line number="2040" hits="0"/>
						<line number="2042" hits="0"/>
						<line number="2043" hits="0"/>
						<line number="2044" hits="0"/>
						<line number="2046" hits="0"/>
						<line number="2047" hits="0"/>
						<line number="2048" hits="0"/>
						<line number="2049" hits="0"/>
						<line number="2051" hits="0"/>
						<line number="2052" hits="0"/>
						<line number="2055" hits="0"/>
						<line number="2056" hits="0"/>
						<line number="2057" hits="0"/>
						<line number="2058" hits="0"/>
						<line number="2063" hits="0"/>
						<line number="2064" hits="0"/>
						<line number="2066" hits="0"/>
						<line number="2068" hits="1"/>
						<line number="2070" hits="0"/>
						<line number="2071" hits="0"/>
						<line number="2072" hits="0"/>
						<line number="2073" hits="0"/>
						<line number="2074" hits="0"/>
						<line number="2076" hits="0"/>
						<line number="2078" hits="1"/>
						<line number="2080" hits="0"/>
						<line number="2081" hits="0"/>
						<line number="2083" hits="0"/>
						<line number="2084" hits="0"/>
						<line number="2085" hits="0"/>
						<line number="2087" hits="0"/>
						<line number="2088" hits="0"/>
						<line number="2089" hits="0"/>
						<line number="2090" hits="0"/>
						<line number="2091" hits="0"/>
						<line number="2092" hits="0"/>
						<line number="2094" hits="0"/>
						<line number="2095" hits="0"/>
						<line number="2098" hits="0"/>
						<line number="2099" hits="0"/>
						<line number="2100" hits="0"/>
						<line number="2101" hits="0"/>
						<line number="2106" hits="0"/>
						<line number="2108" hits="0"/>
						<line number="2110" hits="1"/>
						<line number="2111" hits="0"/>
						<line number="2112" hits="0"/>
						<line number="2113" hits="0"/>
						<line number="2114" hits="0"/>
						<line number="2115" hits="0"/>
						<line number="2117" hits="1"/>
						<line number="2118" hits="0"/>
						<line number="2120" hits="0"/>
						<line number="2123" hits="1"/>
						<line number="2124" hits="1"/>
						<line number="2132" hits="1"/>
						<line number="2134" hits="0"/>
						<line number="2135" hits="0"/>
						<line number="2138" hits="0"/>
						<line number="2140" hits="0"/>
						<line number="2147" hits="1"/>
						<line number="2148" hits="1"/>
						<line number="2158" hits="1"/>
						<line number="2161" hits="0"/>
						<line number="2164" hits="0"/>
						<line number="2165" hits="0"/>
						<line number="2169" hits="0"/>
						<line number="2170" hits="0"/>
						<line number="2173" hits="0"/>
						<line number="2174" hits="0"/>
						<line number="2175" hits="0"/>
						<line number="2177" hits="0"/>
						<line number="2180" hits="0"/>
						<line number="2183" hits="0"/>
						<line number="2185" hits="0"/>
						<line number="2188" hits="1"/>
						<line number="2198" hits="0"/>
						<line number="2199" hits="0"/>
						<line number="2200" hits="0"/>
						<line number="2201" hits="0"/>
						<line number="2202" hits="0"/>
						<line number="2204" hits="0"/>
						<line number="2205" hits="0"/>
						<line number="2210" hits="0"/>
						<line number="2212" hits="0"/>
						<line number="2213" hits="0"/>
						<line number="2216" hits="0"/>
						<line number="2217" hits="0"/>
						<line number="2218" hits="0"/>
						<line number="2220" hits="0"/>
						<line number="2223" hits="0"/>
						<line number="2224" hits="0"/>
						<line number="2225" hits="0"/>
						<line number="2227" hits="0"/>
						<line number="2228" hits="0"/>
						<line number="2229" hits="0"/>
						<line number="2230" hits="0"/>
						<line number="2231" hits="0"/>
						<line number="2232" hits="0"/>
						<line number="2233" hits="0"/>
						<line number="2235" hits="0"/>
						<line number="2238" hits="0"/>
						<line number="2239" hits="0"/>
						<line number="2240" hits="0"/>
						<line number="2242" hits="0"/>
						<line number="2244" hits="0"/>
						<line number="2245" hits="0"/>
						<line number="2247" hits="0"/>
						<line number="2249" hits="0"/>
						<line number="2250" hits="0"/>
						<line number="2251" hits="0"/>
						<line number="2254" hits="0"/>
						<line number="2255" hits="0"/>
						<line number="2256" hits="0"/>
						<line number="2261" hits="0"/>
						<line number="2262" hits="0"/>
						<line number="2263" hits="0"/>
						<line number="2268" hits="0"/>
						<line number="2269" hits="0"/>
						<line number="2270" hits="0"/>
						<line number="2271" hits="0"/>
						<line number="2272" hits="0"/>
						<line number="2274" hits="0"/>
						<line number="2277" hits="0"/>
						<line number="2278" hits="0"/>
						<line number="2279" hits="0"/>
						<line number="2280" hits="0"/>
						<line number="2283" hits="0"/>
						<line number="2284" hits="0"/>
						<line number="2287" hits="0"/>
						<line number="2289" hits="0"/>
						<line number="2290" hits="0"/>
						<line number="2293" hits="1"/>
						<line number="2295" hits="0"/>
						<line number="2298" hits="0"/>
						<line number="2299" hits="0"/>
						<line number="2300" hits="0"/>
						<line number="2301" hits="0"/>
						<line number="2302" hits="0"/>
						<line number="2303" hits="0"/>
						<line number="2306" hits="0"/>
						<line number="2307" hits="0"/>
						<line number="2308" hits="0"/>
						<line number="2311" hits="0"/>
						<line number="2312" hits="0"/>
						<line number="2313" hits="0"/>
						<line number="2315" hits="0"/>
						<line number="2328" hits="1"/>
						<line number="2330" hits="0"/>
						<line number="2331" hits="0"/>
						<line number="2333" hits="0"/>
						<line number="2334" hits="0"/>
						<line number="2336" hits="0"/>
						<line number="2337" hits="0"/>
						<line number="2338" hits="0"/>
						<line number="2341" hits="0"/>
						<line number="2347" hits="0"/>
						<line number="2350" hits="1"/>
						<line number="2352" hits="0"/>
						<line number="2353" hits="0"/>
						<line number="2355" hits="0"/>
						<line number="2357" hits="0"/>
						<line number="2358" hits="0"/>
						<line number="2361" hits="0"/>
						<line number="2362" hits="0"/>
						<line number="2365" hits="0"/>
						<line number="2366" hits="0"/>
						<line number="2367" hits="0"/>
						<line number="2368" hits="0"/>
						<line number="2372" hits="0"/>
						<line number="2374" hits="0"/>
						<line number="2375" hits="0"/>
						<line number="2378" hits="0"/>
						<line number="2379" hits="0"/>
						<line number="2380" hits="0"/>
						<line number="2399" hits="0"/>
						<line number="2400" hits="0"/>
						<line number="2401" hits="0"/>
						<line number="2404" hits="0"/>
						<line number="2405" hits="0"/>
						<line number="2406" hits="0"/>
						<line number="2407" hits="0"/>
						<line number="2410" hits="0"/>
						<line number="2411" hits="0"/>
						<line number="2412" hits="0"/>
						<line number="2413" hits="0"/>
						<line number="2414" hits="0"/>
						<line number="2417" hits="0"/>
						<line number="2418" hits="0"/>
						<line number="2419" hits="0"/>
						<line number="2420" hits="0"/>
						<line number="2423" hits="0"/>
						<line number="2425" hits="0"/>
						<line number="2426" hits="0"/>
						<line number="2428" hits="0"/>
						<line number="2429" hits="0"/>
						<line number="2431" hits="0"/>
						<line number="2432" hits="0"/>
						<line number="2433" hits="0"/>
						<line number="2434" hits="0"/>
						<line number="2435" hits="0"/>
						<line number="2436" hits="0"/>
						<line number="2437" hits="0"/>
						<line number="2440" hits="0"/>
						<line number="2446" hits="0"/>
						<line number="2452" hits="0"/>
						<line number="2453" hits="0"/>
						<line number="2454" hits="0"/>
						<line number="2455" hits="0"/>
						<line number="2456" hits="0"/>
						<line number="2460" hits="0"/>
						<line number="2463" hits="0"/>
						<line number="2464" hits="0"/>
						<line number="2467" hits="0"/>
						<line number="2468" hits="0"/>
						<line number="2473" hits="0"/>
						<line number="2474" hits="0"/>
						<line number="2475" hits="0"/>
						<line number="2476" hits="0"/>
						<line number="2477" hits="0"/>
						<line number="2478" hits="0"/>
						<line number="2481" hits="0"/>
						<line number="2482" hits="0"/>
						<line number="2483" hits="0"/>
						<line number="2484" hits="0"/>
						<line number="2485" hits="0"/>
						<line number="2486" hits="0"/>
						<line number="2487" hits="0"/>
						<line number="2488" hits="0"/>
						<line number="2489" hits="0"/>
						<line number="2491" hits="0"/>
						<line number="2498" hits="0"/>
						<line number="2499" hits="0"/>
						<line number="2500" hits="0"/>
						<line number="2501" hits="0"/>
						<line number="2502" hits="0"/>
						<line number="2505" hits="0"/>
						<line number="2506" hits="0"/>
						<line number="2507" hits="0"/>
						<line number="2508" hits="0"/>
						<line number="2509" hits="0"/>
						<line number="2510" hits="0"/>
						<line number="2511" hits="0"/>
						<line number="2514" hits="0"/>
						<line number="2515" hits="0"/>
						<line number="2516" hits="0"/>
						<line number="2517" hits="0"/>
						<line number="2518" hits="0"/>
						<line number="2521" hits="0"/>
						<line number="2522" hits="0"/>
						<line number="2523" hits="0"/>
						<line number="2525" hits="0"/>
						<line number="2528" hits="0"/>
						<line number="2529" hits="0"/>
						<line number="2530" hits="0"/>
						<line number="2531" hits="0"/>
						<line number="2532" hits="0"/>
						<line number="2533" hits="0"/>
						<line number="2534" hits="0"/>
						<line number="2537" hits="0"/>
						<line number="2541" hits="0"/>
						<line number="2543" hits="1"/>
						<line number="2546" hits="1"/>
						<line number="2547" hits="1"/>
						<line number="2548" hits="1"/>
						<line number="2549" hits="0"/>
						<line number="2550" hits="0"/>
						<line number="2553" hits="1"/>
						<line number="2554" hits="1"/>
						<line number="2555" hits="1"/>
						<line number="2556" hits="1"/>
						<line number="2557" hits="1"/>
						<line number="2558" hits="1"/>
						<line number="2559" hits="1"/>
						<line number="2560" hits="1"/>
						<line number="2561" hits="0"/>
						<line number="2562" hits="1"/>
						<line number="2563" hits="1"/>
						<line number="2564" hits="0"/>
						<line number="2565" hits="1"/>
						<line number="2566" hits="1"/>
						<line number="2567" hits="1"/>
						<line number="2568" hits="0"/>
						<line number="2571" hits="1"/>
						<line number="2574" hits="1"/>
						<line number="2575" hits="1"/>
						<line number="2576" hits="1"/>
						<line number="2577" hits="1"/>
						<line number="2578" hits="1"/>
						<line number="2579" hits="1"/>
						<line number="2580" hits="1"/>
						<line number="2581" hits="1"/>
						<line number="2582" hits="1"/>
						<line number="2584" hits="1"/>
						<line number="2586" hits="0"/>
						<line number="2587" hits="0"/>
						<line number="2590" hits="0"/>
						<line number="2591" hits="0"/>
						<line number="2593" hits="0"/>
						<line number="2594" hits="0"/>
						<line number="2596" hits="0"/>
						<line number="2597" hits="0"/>
						<line number="2598" hits="0"/>
						<line number="2599" hits="0"/>
						<line number="2602" hits="0"/>
						<line number="2603" hits="0"/>
						<line number="2606" hits="0"/>
						<line number="2614" hits="0"/>
						<line number="2615" hits="0"/>
						<line number="2616" hits="0"/>
						<line number="2617" hits="0"/>
						<line number="2618" hits="0"/>
						<line number="2619" hits="0"/>
						<line number="2620" hits="0"/>
						<line number="2621" hits="0"/>
						<line number="2622" hits="0"/>
						<line number="2624" hits="0"/>
						<line number="2625" hits="0"/>
						<line number="2626" hits="0"/>
						<line number="2627" hits="0"/>
						<line number="2636" hits="0"/>
						<line number="2637" hits="0"/>
						<line number="2644" hits="0"/>
						<line number="2646" hits="1"/>
						<line number="2647" hits="1"/>
						<line number="2655" hits="0"/>
						<line number="2656" hits="0"/>
						<line number="2657" hits="0"/>
						<line number="2658" hits="0"/>
						<line number="2659" hits="0"/>
						<line number="2662" hits="0"/>
						<line number="2663" hits="0"/>
						<line number="2664" hits="0"/>
						<line number="2665" hits="0"/>
						<line number="2666" hits="0"/>
						<line number="2667" hits="0"/>
						<line number="2668" hits="0"/>
						<line number="2669" hits="0"/>
						<line number="2670" hits="0"/>
						<line number="2671" hits="0"/>
						<line number="2672" hits="0"/>
						<line number="2673" hits="0"/>
						<line number="2674" hits="0"/>
						<line number="2675" hits="0"/>
						<line number="2676" hits="0"/>
						<line number="2677" hits="0"/>
						<line number="2679" hits="0"/>
						<line number="2681" hits="0"/>
						<line number="2682" hits="0"/>
						<line number="2685" hits="0"/>
						<line number="2686" hits="0"/>
						<line number="2688" hits="0"/>
						<line number="2689" hits="0"/>
						<line number="2691" hits="0"/>
						<line number="2692" hits="0"/>
						<line number="2693" hits="0"/>
						<line number="2694" hits="0"/>
						<line number="2696" hits="0"/>
						<line number="2703" hits="0"/>
						<line number="2704" hits="0"/>
						<line number="2711" hits="0"/>
						<line number="2715" hits="1"/>
						<line number="2716" hits="1"/>
						<line number="2717" hits="0"/>
						<line number="2719" hits="1"/>
						<line number="2720" hits="1"/>
						<line number="2721" hits="0"/>
						<line number="2723" hits="1"/>
						<line number="2724" hits="1"/>
						<line number="2725" hits="0"/>
						<line number="2728" hits="0"/>
						<line number="2729" hits="0"/>
						<line number="2730" hits="0"/>
						<line number="2731" hits="0"/>
						<line number="2732" hits="0"/>
						<line number="2735" hits="0"/>
						<line number="2737" hits="0"/>
						<line number="2738" hits="0"/>
						<line number="2739" hits="0"/>
						<line number="2740" hits="0"/>
						<line number="2742" hits="0"/>
						<line number="2743" hits="0"/>
						<line number="2749" hits="0"/>
						<line number="2750" hits="0"/>
						<line number="2751" hits="0"/>
						<line number="2752" hits="0"/>
						<line number="2755" hits="0"/>
						<line number="2761" hits="1"/>
						<line number="2762" hits="1"/>
						<line number="2764" hits="0"/>
						<line number="2765" hits="0"/>
						<line number="2771" hits="0"/>
						<line number="2773" hits="0"/>
						<line number="2774" hits="0"/>
						<line number="2775" hits="0"/>
						<line number="2776" hits="0"/>
						<line number="2778" hits="0"/>
						<line number="2780" hits="0"/>
						<line number="2781" hits="0"/>
						<line number="2782" hits="0"/>
						<line number="2784" hits="0"/>
						<line number="2785" hits="0"/>
						<line number="2793" hits="0"/>
						<line number="2794" hits="0"/>
						<line number="2797" hits="0"/>
						<line number="2798" hits="0"/>
						<line number="2799" hits="0"/>
						<line number="2804" hits="0"/>
						<line number="2805" hits="0"/>
						<line number="2806" hits="0"/>
						<line number="2809" hits="1"/>
						<line number="2810" hits="0"/>
						<line number="2811" hits="0"/>
					</lines>
				</class>
			</classes>
		</package>
	</packages>
</coverage>
